<?xml version="1.0" encoding="UTF-8"?>
<testng-results ignored="0" total="1" passed="1" failed="0" skipped="0">
  <reporter-output>
  </reporter-output>
  <suite started-at="2024-06-25T11:41:01 IST" name="Default suite" finished-at="2024-06-25T11:41:42 IST" duration-ms="40597">
    <groups>
      <group name="cucumber">
        <method signature="AbstractTestNGCucumberTests.runScenario(io.cucumber.testng.PickleWrapper,io.cucumber.testng.FeatureWrapper)[pri:0, instance:runner.EditWTGRunner@25ce9dc4]" name="runScenario" class="io.cucumber.testng.AbstractTestNGCucumberTests"/>
      </group> <!-- cucumber -->
    </groups>
    <test started-at="2024-06-25T11:41:01 IST" name="Default test" finished-at="2024-06-25T11:41:42 IST" duration-ms="40597">
      <class name="runner.EditWTGRunner">
        <test-method is-config="true" signature="setUpClass(org.testng.ITestContext)[pri:0, instance:runner.EditWTGRunner@25ce9dc4]" started-at="2024-06-25T11:41:01 IST" name="setUpClass" finished-at="2024-06-25T11:41:02 IST" duration-ms="487" status="PASS">
          <params>
            <param index="0">
              <value>
                <![CDATA[org.testng.TestRunner@aa61e4e]]>
              </value>
            </param>
          </params>
          <reporter-output>
          </reporter-output>
        </test-method> <!-- setUpClass -->
        <test-method signature="runScenario(io.cucumber.testng.PickleWrapper,io.cucumber.testng.FeatureWrapper)[pri:0, instance:runner.EditWTGRunner@25ce9dc4]" started-at="2024-06-25T11:41:02 IST" name="runScenario" description="Runs Cucumber Scenarios" data-provider="scenarios" finished-at="2024-06-25T11:41:37 IST" duration-ms="35621" status="PASS">
          <params>
            <param index="0">
              <value>
                <![CDATA["Edit WorkTypeGroup"]]>
              </value>
            </param>
            <param index="1">
              <value>
                <![CDATA["WorkTypeGroup in Sales force"]]>
              </value>
            </param>
          </params>
          <reporter-output>
          </reporter-output>
        </test-method> <!-- runScenario -->
        <test-method is-config="true" signature="tearDownClass()[pri:0, instance:runner.EditWTGRunner@25ce9dc4]" started-at="2024-06-25T11:41:37 IST" name="tearDownClass" finished-at="2024-06-25T11:41:42 IST" duration-ms="4447" status="PASS">
          <reporter-output>
          </reporter-output>
        </test-method> <!-- tearDownClass -->
      </class> <!-- runner.EditWTGRunner -->
    </test> <!-- Default test -->
  </suite> <!-- Default suite -->
</testng-results>
