<?xml version="1.0" encoding="UTF-8"?>
<testng-results ignored="0" total="4" passed="4" failed="0" skipped="0">
  <reporter-output>
  </reporter-output>
  <suite started-at="2024-06-26T16:55:01 IST" name="Default suite" finished-at="2024-06-26T16:55:44 IST" duration-ms="42782">
    <groups>
      <group name="cucumber">
        <method signature="AbstractTestNGCucumberTests.runScenario(io.cucumber.testng.PickleWrapper,io.cucumber.testng.FeatureWrapper)[pri:0, instance:runner.APIRunner@5d534f5d]" name="runScenario" class="io.cucumber.testng.AbstractTestNGCucumberTests"/>
      </group> <!-- cucumber -->
    </groups>
    <test started-at="2024-06-26T16:55:01 IST" name="Default test" finished-at="2024-06-26T16:55:44 IST" duration-ms="42782">
      <class name="runner.APIRunner">
        <test-method is-config="true" signature="setUpClass(org.testng.ITestContext)[pri:0, instance:runner.APIRunner@5d534f5d]" started-at="2024-06-26T16:55:01 IST" name="setUpClass" finished-at="2024-06-26T16:55:01 IST" duration-ms="584" status="PASS">
          <params>
            <param index="0">
              <value>
                <![CDATA[org.testng.TestRunner@429e7914]]>
              </value>
            </param>
          </params>
          <reporter-output>
          </reporter-output>
        </test-method> <!-- setUpClass -->
        <test-method signature="runScenario(io.cucumber.testng.PickleWrapper,io.cucumber.testng.FeatureWrapper)[pri:0, instance:runner.APIRunner@5d534f5d]" started-at="2024-06-26T16:55:01 IST" name="runScenario" description="Runs Cucumber Scenarios" data-provider="scenarios" finished-at="2024-06-26T16:55:10 IST" duration-ms="8556" status="PASS">
          <params>
            <param index="0">
              <value>
                <![CDATA["Create Incident"]]>
              </value>
            </param>
            <param index="1">
              <value>
                <![CDATA["RestAssure"]]>
              </value>
            </param>
          </params>
          <reporter-output>
          </reporter-output>
        </test-method> <!-- runScenario -->
        <test-method signature="runScenario(io.cucumber.testng.PickleWrapper,io.cucumber.testng.FeatureWrapper)[pri:0, instance:runner.APIRunner@5d534f5d]" started-at="2024-06-26T16:55:10 IST" name="runScenario" description="Runs Cucumber Scenarios" data-provider="scenarios" finished-at="2024-06-26T16:55:21 IST" duration-ms="11215" status="PASS">
          <params>
            <param index="0">
              <value>
                <![CDATA["Update Incident"]]>
              </value>
            </param>
            <param index="1">
              <value>
                <![CDATA["RestAssure"]]>
              </value>
            </param>
          </params>
          <reporter-output>
          </reporter-output>
        </test-method> <!-- runScenario -->
        <test-method signature="runScenario(io.cucumber.testng.PickleWrapper,io.cucumber.testng.FeatureWrapper)[pri:0, instance:runner.APIRunner@5d534f5d]" started-at="2024-06-26T16:55:21 IST" name="runScenario" description="Runs Cucumber Scenarios" data-provider="scenarios" finished-at="2024-06-26T16:55:29 IST" duration-ms="7956" status="PASS">
          <params>
            <param index="0">
              <value>
                <![CDATA["Get Incident"]]>
              </value>
            </param>
            <param index="1">
              <value>
                <![CDATA["RestAssure"]]>
              </value>
            </param>
          </params>
          <reporter-output>
          </reporter-output>
        </test-method> <!-- runScenario -->
        <test-method signature="runScenario(io.cucumber.testng.PickleWrapper,io.cucumber.testng.FeatureWrapper)[pri:0, instance:runner.APIRunner@5d534f5d]" started-at="2024-06-26T16:55:29 IST" name="runScenario" description="Runs Cucumber Scenarios" data-provider="scenarios" finished-at="2024-06-26T16:55:37 IST" duration-ms="7676" status="PASS">
          <params>
            <param index="0">
              <value>
                <![CDATA["Delete Incident"]]>
              </value>
            </param>
            <param index="1">
              <value>
                <![CDATA["RestAssure"]]>
              </value>
            </param>
          </params>
          <reporter-output>
          </reporter-output>
        </test-method> <!-- runScenario -->
        <test-method is-config="true" signature="tearDownClass()[pri:0, instance:runner.APIRunner@5d534f5d]" started-at="2024-06-26T16:55:37 IST" name="tearDownClass" finished-at="2024-06-26T16:55:44 IST" duration-ms="6746" status="PASS">
          <reporter-output>
          </reporter-output>
        </test-method> <!-- tearDownClass -->
      </class> <!-- runner.APIRunner -->
    </test> <!-- Default test -->
  </suite> <!-- Default suite -->
</testng-results>
